0 info it worked if it ends with ok
1 verbose cli [ '/opt/bitnami/node/bin/node',
1 verbose cli   '/opt/bitnami/node/bin/npm',
1 verbose cli   'install' ]
2 info using npm@4.0.5
3 info using node@v7.2.0
4 silly loadCurrentTree Starting
5 silly install loadCurrentTree
6 silly install readLocalPackageData
7 silly install normalizeTree
8 silly loadCurrentTree Finishing
9 silly loadIdealTree Starting
10 silly install loadIdealTree
11 silly cloneCurrentTree Starting
12 silly install cloneCurrentTreeToIdealTree
13 silly cloneCurrentTree Finishing
14 silly loadShrinkwrap Starting
15 silly install loadShrinkwrap
16 silly loadShrinkwrap Finishing
17 silly loadAllDepsIntoIdealTree Starting
18 silly install loadAllDepsIntoIdealTree
19 silly fetchNamedPackageData fsevents
20 silly mapToRegistry name fsevents
21 silly mapToRegistry using default registry
22 silly mapToRegistry registry https://registry.npmjs.org/
23 silly mapToRegistry data Result {
23 silly mapToRegistry   raw: 'fsevents',
23 silly mapToRegistry   scope: null,
23 silly mapToRegistry   escapedName: 'fsevents',
23 silly mapToRegistry   name: 'fsevents',
23 silly mapToRegistry   rawSpec: '',
23 silly mapToRegistry   spec: 'latest',
23 silly mapToRegistry   type: 'tag' }
24 silly mapToRegistry uri https://registry.npmjs.org/fsevents
25 verbose request uri https://registry.npmjs.org/fsevents
26 verbose request no auth needed
27 info attempt registry request try #1 at 7:01:02 PM
28 verbose request id 6139ff8549910b73
29 verbose etag W/"58cbe1d5-d5e6"
30 verbose lastModified Fri, 17 Mar 2017 13:17:09 GMT
31 http request GET https://registry.npmjs.org/fsevents
32 http 304 https://registry.npmjs.org/fsevents
33 verbose headers { date: 'Fri, 21 Apr 2017 19:01:02 GMT',
33 verbose headers   via: '1.1 varnish',
33 verbose headers   'cache-control': 'max-age=300',
33 verbose headers   etag: 'W/"58cbe1d5-d5e6"',
33 verbose headers   age: '61',
33 verbose headers   connection: 'keep-alive',
33 verbose headers   'x-served-by': 'cache-iad2623-IAD',
33 verbose headers   'x-cache': 'HIT',
33 verbose headers   'x-cache-hits': '4',
33 verbose headers   'x-timer': 'S1492801262.157457,VS0,VE0',
33 verbose headers   vary: 'Accept-Encoding' }
34 silly get cb [ 304,
34 silly get   { date: 'Fri, 21 Apr 2017 19:01:02 GMT',
34 silly get     via: '1.1 varnish',
34 silly get     'cache-control': 'max-age=300',
34 silly get     etag: 'W/"58cbe1d5-d5e6"',
34 silly get     age: '61',
34 silly get     connection: 'keep-alive',
34 silly get     'x-served-by': 'cache-iad2623-IAD',
34 silly get     'x-cache': 'HIT',
34 silly get     'x-cache-hits': '4',
34 silly get     'x-timer': 'S1492801262.157457,VS0,VE0',
34 silly get     vary: 'Accept-Encoding' } ]
35 verbose etag https://registry.npmjs.org/fsevents from cache
36 verbose get saving fsevents to /home/bitnami/.npm/registry.npmjs.org/fsevents/.cache.json
37 verbose correctMkdir /home/bitnami/.npm correctMkdir not in flight; initializing
38 silly resolveWithNewModule fsevents@1.1.1 checking installable status
39 silly loadAllDepsIntoIdealTree Finishing
40 silly loadIdealTree Finishing
41 silly currentTree address-app@1.0.0
41 silly currentTree +-- accepts@1.3.3
41 silly currentTree +-- active-x-obfuscator@0.0.1
41 silly currentTree +-- amdefine@1.0.1
41 silly currentTree +-- angular-mocks@1.6.4
41 silly currentTree +-- angular-ui-router@0.4.2
41 silly currentTree +-- angular@1.6.4
41 silly currentTree +-- anymatch@1.3.0
41 silly currentTree +-- arr-diff@2.0.0
41 silly currentTree +-- arr-flatten@1.0.3
41 silly currentTree +-- array-flatten@1.1.1
41 silly currentTree +-- array-unique@0.2.1
41 silly currentTree +-- arrify@1.0.1
41 silly currentTree +-- async-each@1.0.1
41 silly currentTree +-- async@0.2.10
41 silly currentTree +-- balanced-match@0.4.2
41 silly currentTree +-- base64-url@1.2.1
41 silly currentTree +-- base64id@0.1.0
41 silly currentTree +-- basic-auth-connect@1.0.0
41 silly currentTree +-- basic-auth@1.0.4
41 silly currentTree +-- batch@0.5.3
41 silly currentTree +-- binary-extensions@1.8.0
41 silly currentTree +-- body-parser@1.13.3
41 silly currentTree | +-- debug@2.2.0
41 silly currentTree | +-- depd@1.0.1
41 silly currentTree | +-- http-errors@1.3.1
41 silly currentTree | +-- ms@0.7.1
41 silly currentTree | `-- qs@4.0.0
41 silly currentTree +-- brace-expansion@1.1.7
41 silly currentTree +-- braces@1.8.5
41 silly currentTree +-- bson@1.0.4
41 silly currentTree +-- buffer-shims@1.0.0
41 silly currentTree +-- bytes@2.1.0
41 silly currentTree +-- chokidar@1.6.1
41 silly currentTree +-- colors@1.1.2
41 silly currentTree +-- commander@2.1.0
41 silly currentTree +-- compressible@2.0.10
41 silly currentTree +-- compression@1.5.2
41 silly currentTree | +-- accepts@1.2.13
41 silly currentTree | +-- debug@2.2.0
41 silly currentTree | +-- ms@0.7.1
41 silly currentTree | +-- negotiator@0.5.3
41 silly currentTree | `-- vary@1.0.1
41 silly currentTree +-- concat-map@0.0.1
41 silly currentTree +-- connect-timeout@1.6.2
41 silly currentTree | +-- debug@2.2.0
41 silly currentTree | +-- http-errors@1.3.1
41 silly currentTree | `-- ms@0.7.1
41 silly currentTree +-- connect@2.30.2
41 silly currentTree | +-- cookie@0.1.3
41 silly currentTree | +-- debug@2.2.0
41 silly currentTree | +-- depd@1.0.1
41 silly currentTree | +-- escape-html@1.0.2
41 silly currentTree | +-- etag@1.7.0
41 silly currentTree | +-- finalhandler@0.4.0
41 silly currentTree | +-- fresh@0.3.0
41 silly currentTree | +-- http-errors@1.3.1
41 silly currentTree | +-- ms@0.7.1
41 silly currentTree | +-- qs@4.0.0
41 silly currentTree | +-- range-parser@1.0.3
41 silly currentTree | +-- send@0.13.2
41 silly currentTree | | +-- depd@1.1.0
41 silly currentTree | | +-- escape-html@1.0.3
41 silly currentTree | | `-- statuses@1.2.1
41 silly currentTree | `-- serve-static@1.10.3
41 silly currentTree |   `-- escape-html@1.0.3
41 silly currentTree +-- content-disposition@0.5.2
41 silly currentTree +-- content-type@1.0.2
41 silly currentTree +-- cookie-parser@1.3.5
41 silly currentTree | `-- cookie@0.1.3
41 silly currentTree +-- cookie-signature@1.0.6
41 silly currentTree +-- cookie@0.3.1
41 silly currentTree +-- core-util-is@1.0.2
41 silly currentTree +-- crc@3.3.0
41 silly currentTree +-- csrf@3.0.6
41 silly currentTree +-- csurf@1.8.3
41 silly currentTree | +-- cookie@0.1.3
41 silly currentTree | `-- http-errors@1.3.1
41 silly currentTree +-- debug@2.6.1
41 silly currentTree +-- deep-equal@1.0.1
41 silly currentTree +-- depd@1.1.0
41 silly currentTree +-- destroy@1.0.4
41 silly currentTree +-- di@0.0.1
41 silly currentTree +-- each-series@1.0.0
41 silly currentTree +-- ee-first@1.1.1
41 silly currentTree +-- encodeurl@1.0.1
41 silly currentTree +-- errorhandler@1.4.3
41 silly currentTree +-- es6-promise@3.2.1
41 silly currentTree +-- escape-html@1.0.3
41 silly currentTree +-- etag@1.8.0
41 silly currentTree +-- expand-brackets@0.1.5
41 silly currentTree +-- expand-range@1.8.2
41 silly currentTree +-- express-session@1.11.3
41 silly currentTree | +-- cookie@0.1.3
41 silly currentTree | +-- debug@2.2.0
41 silly currentTree | +-- depd@1.0.1
41 silly currentTree | +-- ms@0.7.1
41 silly currentTree | `-- uid-safe@2.0.0
41 silly currentTree +-- express@4.15.2
41 silly currentTree +-- extglob@0.3.2
41 silly currentTree +-- filename-regex@2.0.0
41 silly currentTree +-- fill-range@2.2.3
41 silly currentTree +-- finalhandler@1.0.1
41 silly currentTree | `-- debug@2.6.3
41 silly currentTree +-- for-in@1.0.2
41 silly currentTree +-- for-own@0.1.5
41 silly currentTree +-- forwarded@0.1.0
41 silly currentTree +-- fresh@0.5.0
41 silly currentTree +-- fs.realpath@1.0.0
41 silly currentTree +-- glob-base@0.3.0
41 silly currentTree +-- glob-parent@2.0.0
41 silly currentTree +-- glob@5.0.15
41 silly currentTree +-- graceful-fs@3.0.11
41 silly currentTree +-- http-errors@1.6.1
41 silly currentTree +-- http-proxy@0.10.4
41 silly currentTree | `-- colors@0.6.2
41 silly currentTree +-- i@0.3.5
41 silly currentTree +-- iconv-lite@0.4.11
41 silly currentTree +-- inflight@1.0.6
41 silly currentTree +-- inherits@2.0.3
41 silly currentTree +-- ipaddr.js@1.3.0
41 silly currentTree +-- is-binary-path@1.0.1
41 silly currentTree +-- is-buffer@1.1.5
41 silly currentTree +-- is-dotfile@1.0.2
41 silly currentTree +-- is-equal-shallow@0.1.3
41 silly currentTree +-- is-extendable@0.1.1
41 silly currentTree +-- is-extglob@1.0.0
41 silly currentTree +-- is-glob@2.0.1
41 silly currentTree +-- is-number@2.1.0
41 silly currentTree +-- is-posix-bracket@0.1.1
41 silly currentTree +-- is-primitive@2.0.0
41 silly currentTree +-- isarray@1.0.0
41 silly currentTree +-- isexe@2.0.0
41 silly currentTree +-- isobject@2.1.0
41 silly currentTree +-- jasmine-core@2.5.2
41 silly currentTree +-- karma-chrome-launcher@0.1.12
41 silly currentTree +-- karma-jasmine@0.3.8
41 silly currentTree +-- karma@0.12.37
41 silly currentTree +-- kind-of@3.1.0
41 silly currentTree +-- lodash@3.10.1
41 silly currentTree +-- log4js@0.6.38
41 silly currentTree | +-- isarray@0.0.1
41 silly currentTree | +-- readable-stream@1.0.34
41 silly currentTree | +-- semver@4.3.6
41 silly currentTree | `-- string_decoder@0.10.31
41 silly currentTree +-- lru-cache@2.2.4
41 silly currentTree +-- media-typer@0.3.0
41 silly currentTree +-- merge-descriptors@1.0.1
41 silly currentTree +-- method-override@2.3.8
41 silly currentTree | `-- debug@2.6.3
41 silly currentTree +-- methods@1.1.2
41 silly currentTree +-- micromatch@2.3.11
41 silly currentTree +-- mime-db@1.27.0
41 silly currentTree +-- mime-types@2.1.15
41 silly currentTree +-- mime@1.3.4
41 silly currentTree +-- minimatch@2.0.10
41 silly currentTree +-- minimist@0.0.10
41 silly currentTree +-- mkdirp@0.5.1
41 silly currentTree | `-- minimist@0.0.8
41 silly currentTree +-- mongodb-core@2.1.10
41 silly currentTree +-- mongodb@2.2.26
41 silly currentTree | `-- readable-stream@2.2.7
41 silly currentTree +-- mongojs@2.4.0
41 silly currentTree +-- morgan@1.6.1
41 silly currentTree | +-- debug@2.2.0
41 silly currentTree | +-- depd@1.0.1
41 silly currentTree | `-- ms@0.7.1
41 silly currentTree +-- ms@0.7.2
41 silly currentTree +-- multiparty@3.3.2
41 silly currentTree | +-- isarray@0.0.1
41 silly currentTree | +-- readable-stream@1.1.14
41 silly currentTree | `-- string_decoder@0.10.31
41 silly currentTree +-- nan@1.0.0
41 silly currentTree +-- natives@1.1.0
41 silly currentTree +-- ncp@0.4.2
41 silly currentTree +-- negotiator@0.6.1
41 silly currentTree +-- normalize-path@2.1.1
41 silly currentTree +-- object.omit@2.0.1
41 silly currentTree +-- on-finished@2.3.0
41 silly currentTree +-- on-headers@1.0.1
41 silly currentTree +-- once@1.4.0
41 silly currentTree +-- optimist@0.6.1
41 silly currentTree +-- options@0.0.6
41 silly currentTree +-- os-tmpdir@1.0.2
41 silly currentTree +-- parse-glob@3.0.4
41 silly currentTree +-- parse-mongo-url@1.1.1
41 silly currentTree +-- parseurl@1.3.1
41 silly currentTree +-- path-is-absolute@1.0.1
41 silly currentTree +-- path-to-regexp@0.1.7
41 silly currentTree +-- pause@0.1.0
41 silly currentTree +-- pkginfo@0.3.1
41 silly currentTree +-- policyfile@0.0.4
41 silly currentTree +-- preserve@0.2.0
41 silly currentTree +-- process-nextick-args@1.0.7
41 silly currentTree +-- proxy-addr@1.1.4
41 silly currentTree +-- q@1.5.0
41 silly currentTree +-- qs@6.4.0
41 silly currentTree +-- random-bytes@1.0.0
41 silly currentTree +-- randomatic@1.1.6
41 silly currentTree +-- range-parser@1.2.0
41 silly currentTree +-- raw-body@2.1.7
41 silly currentTree | +-- bytes@2.4.0
41 silly currentTree | `-- iconv-lite@0.4.13
41 silly currentTree +-- readable-stream@2.2.9
41 silly currentTree +-- readdirp@2.1.0
41 silly currentTree | +-- graceful-fs@4.1.11
41 silly currentTree | `-- minimatch@3.0.3
41 silly currentTree +-- redis@0.7.3
41 silly currentTree +-- regex-cache@0.4.3
41 silly currentTree +-- remove-trailing-separator@1.0.1
41 silly currentTree +-- repeat-element@1.1.2
41 silly currentTree +-- repeat-string@1.6.1
41 silly currentTree +-- require_optional@1.0.0
41 silly currentTree +-- resolve-from@2.0.0
41 silly currentTree +-- response-time@2.3.2
41 silly currentTree +-- rimraf@2.6.1
41 silly currentTree | +-- glob@7.1.1
41 silly currentTree | `-- minimatch@3.0.3
41 silly currentTree +-- rndm@1.2.0
41 silly currentTree +-- semver@5.3.0
41 silly currentTree +-- send@0.15.1
41 silly currentTree +-- serve-favicon@2.3.2
41 silly currentTree | +-- etag@1.7.0
41 silly currentTree | `-- fresh@0.3.0
41 silly currentTree +-- serve-index@1.7.3
41 silly currentTree | +-- accepts@1.2.13
41 silly currentTree | +-- debug@2.2.0
41 silly currentTree | +-- http-errors@1.3.1
41 silly currentTree | +-- ms@0.7.1
41 silly currentTree | `-- negotiator@0.5.3
41 silly currentTree +-- serve-static@1.12.1
41 silly currentTree +-- set-immediate-shim@1.0.1
41 silly currentTree +-- setprototypeof@1.0.3
41 silly currentTree +-- socket.io-client@0.9.16
41 silly currentTree +-- socket.io@0.9.16
41 silly currentTree +-- source-map@0.4.4
41 silly currentTree +-- statuses@1.3.1
41 silly currentTree +-- stream-counter@0.2.0
41 silly currentTree | +-- isarray@0.0.1
41 silly currentTree | +-- readable-stream@1.1.14
41 silly currentTree | `-- string_decoder@0.10.31
41 silly currentTree +-- string_decoder@1.0.0
41 silly currentTree +-- thunky@0.1.0
41 silly currentTree +-- tinycolor@0.0.1
41 silly currentTree +-- tmp@0.0.31
41 silly currentTree +-- to-mongodb-core@2.0.0
41 silly currentTree +-- tsscmp@1.0.5
41 silly currentTree +-- type-is@1.6.15
41 silly currentTree +-- uglify-js@1.2.5
41 silly currentTree +-- uid-safe@2.1.4
41 silly currentTree +-- unpipe@1.0.0
41 silly currentTree +-- useragent@2.1.13
41 silly currentTree +-- util-deprecate@1.0.2
41 silly currentTree +-- utile@0.2.1
41 silly currentTree +-- utils-merge@1.0.0
41 silly currentTree +-- vary@1.1.1
41 silly currentTree +-- vhost@3.0.2
41 silly currentTree +-- which@1.2.14
41 silly currentTree +-- wordwrap@0.0.3
41 silly currentTree +-- wrappy@1.0.2
41 silly currentTree +-- ws@0.4.32
41 silly currentTree +-- xmlhttprequest@1.4.2
41 silly currentTree +-- xtend@4.0.1
41 silly currentTree `-- zeparser@0.0.5
42 silly idealTree address-app@1.0.0
42 silly idealTree +-- accepts@1.3.3
42 silly idealTree +-- active-x-obfuscator@0.0.1
42 silly idealTree +-- amdefine@1.0.1
42 silly idealTree +-- angular-mocks@1.6.4
42 silly idealTree +-- angular-ui-router@0.4.2
42 silly idealTree +-- angular@1.6.4
42 silly idealTree +-- anymatch@1.3.0
42 silly idealTree +-- arr-diff@2.0.0
42 silly idealTree +-- arr-flatten@1.0.3
42 silly idealTree +-- array-flatten@1.1.1
42 silly idealTree +-- array-unique@0.2.1
42 silly idealTree +-- arrify@1.0.1
42 silly idealTree +-- async-each@1.0.1
42 silly idealTree +-- async@0.2.10
42 silly idealTree +-- balanced-match@0.4.2
42 silly idealTree +-- base64-url@1.2.1
42 silly idealTree +-- base64id@0.1.0
42 silly idealTree +-- basic-auth-connect@1.0.0
42 silly idealTree +-- basic-auth@1.0.4
42 silly idealTree +-- batch@0.5.3
42 silly idealTree +-- binary-extensions@1.8.0
42 silly idealTree +-- body-parser@1.13.3
42 silly idealTree | +-- debug@2.2.0
42 silly idealTree | +-- depd@1.0.1
42 silly idealTree | +-- http-errors@1.3.1
42 silly idealTree | +-- ms@0.7.1
42 silly idealTree | `-- qs@4.0.0
42 silly idealTree +-- brace-expansion@1.1.7
42 silly idealTree +-- braces@1.8.5
42 silly idealTree +-- bson@1.0.4
42 silly idealTree +-- buffer-shims@1.0.0
42 silly idealTree +-- bytes@2.1.0
42 silly idealTree +-- chokidar@1.6.1
42 silly idealTree +-- colors@1.1.2
42 silly idealTree +-- commander@2.1.0
42 silly idealTree +-- compressible@2.0.10
42 silly idealTree +-- compression@1.5.2
42 silly idealTree | +-- accepts@1.2.13
42 silly idealTree | +-- debug@2.2.0
42 silly idealTree | +-- ms@0.7.1
42 silly idealTree | +-- negotiator@0.5.3
42 silly idealTree | `-- vary@1.0.1
42 silly idealTree +-- concat-map@0.0.1
42 silly idealTree +-- connect-timeout@1.6.2
42 silly idealTree | +-- debug@2.2.0
42 silly idealTree | +-- http-errors@1.3.1
42 silly idealTree | `-- ms@0.7.1
42 silly idealTree +-- connect@2.30.2
42 silly idealTree | +-- cookie@0.1.3
42 silly idealTree | +-- debug@2.2.0
42 silly idealTree | +-- depd@1.0.1
42 silly idealTree | +-- escape-html@1.0.2
42 silly idealTree | +-- etag@1.7.0
42 silly idealTree | +-- finalhandler@0.4.0
42 silly idealTree | +-- fresh@0.3.0
42 silly idealTree | +-- http-errors@1.3.1
42 silly idealTree | +-- ms@0.7.1
42 silly idealTree | +-- qs@4.0.0
42 silly idealTree | +-- range-parser@1.0.3
42 silly idealTree | +-- send@0.13.2
42 silly idealTree | | +-- depd@1.1.0
42 silly idealTree | | +-- escape-html@1.0.3
42 silly idealTree | | `-- statuses@1.2.1
42 silly idealTree | `-- serve-static@1.10.3
42 silly idealTree |   `-- escape-html@1.0.3
42 silly idealTree +-- content-disposition@0.5.2
42 silly idealTree +-- content-type@1.0.2
42 silly idealTree +-- cookie-parser@1.3.5
42 silly idealTree | `-- cookie@0.1.3
42 silly idealTree +-- cookie-signature@1.0.6
42 silly idealTree +-- cookie@0.3.1
42 silly idealTree +-- core-util-is@1.0.2
42 silly idealTree +-- crc@3.3.0
42 silly idealTree +-- csrf@3.0.6
42 silly idealTree +-- csurf@1.8.3
42 silly idealTree | +-- cookie@0.1.3
42 silly idealTree | `-- http-errors@1.3.1
42 silly idealTree +-- debug@2.6.1
42 silly idealTree +-- deep-equal@1.0.1
42 silly idealTree +-- depd@1.1.0
42 silly idealTree +-- destroy@1.0.4
42 silly idealTree +-- di@0.0.1
42 silly idealTree +-- each-series@1.0.0
42 silly idealTree +-- ee-first@1.1.1
42 silly idealTree +-- encodeurl@1.0.1
42 silly idealTree +-- errorhandler@1.4.3
42 silly idealTree +-- es6-promise@3.2.1
42 silly idealTree +-- escape-html@1.0.3
42 silly idealTree +-- etag@1.8.0
42 silly idealTree +-- expand-brackets@0.1.5
42 silly idealTree +-- expand-range@1.8.2
42 silly idealTree +-- express-session@1.11.3
42 silly idealTree | +-- cookie@0.1.3
42 silly idealTree | +-- debug@2.2.0
42 silly idealTree | +-- depd@1.0.1
42 silly idealTree | +-- ms@0.7.1
42 silly idealTree | `-- uid-safe@2.0.0
42 silly idealTree +-- express@4.15.2
42 silly idealTree +-- extglob@0.3.2
42 silly idealTree +-- filename-regex@2.0.0
42 silly idealTree +-- fill-range@2.2.3
42 silly idealTree +-- finalhandler@1.0.1
42 silly idealTree | `-- debug@2.6.3
42 silly idealTree +-- for-in@1.0.2
42 silly idealTree +-- for-own@0.1.5
42 silly idealTree +-- forwarded@0.1.0
42 silly idealTree +-- fresh@0.5.0
42 silly idealTree +-- fs.realpath@1.0.0
42 silly idealTree +-- glob-base@0.3.0
42 silly idealTree +-- glob-parent@2.0.0
42 silly idealTree +-- glob@5.0.15
42 silly idealTree +-- graceful-fs@3.0.11
42 silly idealTree +-- http-errors@1.6.1
42 silly idealTree +-- http-proxy@0.10.4
42 silly idealTree | `-- colors@0.6.2
42 silly idealTree +-- i@0.3.5
42 silly idealTree +-- iconv-lite@0.4.11
42 silly idealTree +-- inflight@1.0.6
42 silly idealTree +-- inherits@2.0.3
42 silly idealTree +-- ipaddr.js@1.3.0
42 silly idealTree +-- is-binary-path@1.0.1
42 silly idealTree +-- is-buffer@1.1.5
42 silly idealTree +-- is-dotfile@1.0.2
42 silly idealTree +-- is-equal-shallow@0.1.3
42 silly idealTree +-- is-extendable@0.1.1
42 silly idealTree +-- is-extglob@1.0.0
42 silly idealTree +-- is-glob@2.0.1
42 silly idealTree +-- is-number@2.1.0
42 silly idealTree +-- is-posix-bracket@0.1.1
42 silly idealTree +-- is-primitive@2.0.0
42 silly idealTree +-- isarray@1.0.0
42 silly idealTree +-- isexe@2.0.0
42 silly idealTree +-- isobject@2.1.0
42 silly idealTree +-- jasmine-core@2.5.2
42 silly idealTree +-- karma-chrome-launcher@0.1.12
42 silly idealTree +-- karma-jasmine@0.3.8
42 silly idealTree +-- karma@0.12.37
42 silly idealTree +-- kind-of@3.1.0
42 silly idealTree +-- lodash@3.10.1
42 silly idealTree +-- log4js@0.6.38
42 silly idealTree | +-- isarray@0.0.1
42 silly idealTree | +-- readable-stream@1.0.34
42 silly idealTree | +-- semver@4.3.6
42 silly idealTree | `-- string_decoder@0.10.31
42 silly idealTree +-- lru-cache@2.2.4
42 silly idealTree +-- media-typer@0.3.0
42 silly idealTree +-- merge-descriptors@1.0.1
42 silly idealTree +-- method-override@2.3.8
42 silly idealTree | `-- debug@2.6.3
42 silly idealTree +-- methods@1.1.2
42 silly idealTree +-- micromatch@2.3.11
42 silly idealTree +-- mime-db@1.27.0
42 silly idealTree +-- mime-types@2.1.15
42 silly idealTree +-- mime@1.3.4
42 silly idealTree +-- minimatch@2.0.10
42 silly idealTree +-- minimist@0.0.10
42 silly idealTree +-- mkdirp@0.5.1
42 silly idealTree | `-- minimist@0.0.8
42 silly idealTree +-- mongodb-core@2.1.10
42 silly idealTree +-- mongodb@2.2.26
42 silly idealTree | `-- readable-stream@2.2.7
42 silly idealTree +-- mongojs@2.4.0
42 silly idealTree +-- morgan@1.6.1
42 silly idealTree | +-- debug@2.2.0
42 silly idealTree | +-- depd@1.0.1
42 silly idealTree | `-- ms@0.7.1
42 silly idealTree +-- ms@0.7.2
42 silly idealTree +-- multiparty@3.3.2
42 silly idealTree | +-- isarray@0.0.1
42 silly idealTree | +-- readable-stream@1.1.14
42 silly idealTree | `-- string_decoder@0.10.31
42 silly idealTree +-- nan@1.0.0
42 silly idealTree +-- natives@1.1.0
42 silly idealTree +-- ncp@0.4.2
42 silly idealTree +-- negotiator@0.6.1
42 silly idealTree +-- normalize-path@2.1.1
42 silly idealTree +-- object.omit@2.0.1
42 silly idealTree +-- on-finished@2.3.0
42 silly idealTree +-- on-headers@1.0.1
42 silly idealTree +-- once@1.4.0
42 silly idealTree +-- optimist@0.6.1
42 silly idealTree +-- options@0.0.6
42 silly idealTree +-- os-tmpdir@1.0.2
42 silly idealTree +-- parse-glob@3.0.4
42 silly idealTree +-- parse-mongo-url@1.1.1
42 silly idealTree +-- parseurl@1.3.1
42 silly idealTree +-- path-is-absolute@1.0.1
42 silly idealTree +-- path-to-regexp@0.1.7
42 silly idealTree +-- pause@0.1.0
42 silly idealTree +-- pkginfo@0.3.1
42 silly idealTree +-- policyfile@0.0.4
42 silly idealTree +-- preserve@0.2.0
42 silly idealTree +-- process-nextick-args@1.0.7
42 silly idealTree +-- proxy-addr@1.1.4
42 silly idealTree +-- q@1.5.0
42 silly idealTree +-- qs@6.4.0
42 silly idealTree +-- random-bytes@1.0.0
42 silly idealTree +-- randomatic@1.1.6
42 silly idealTree +-- range-parser@1.2.0
42 silly idealTree +-- raw-body@2.1.7
42 silly idealTree | +-- bytes@2.4.0
42 silly idealTree | `-- iconv-lite@0.4.13
42 silly idealTree +-- readable-stream@2.2.9
42 silly idealTree +-- readdirp@2.1.0
42 silly idealTree | +-- graceful-fs@4.1.11
42 silly idealTree | `-- minimatch@3.0.3
42 silly idealTree +-- redis@0.7.3
42 silly idealTree +-- regex-cache@0.4.3
42 silly idealTree +-- remove-trailing-separator@1.0.1
42 silly idealTree +-- repeat-element@1.1.2
42 silly idealTree +-- repeat-string@1.6.1
42 silly idealTree +-- require_optional@1.0.0
42 silly idealTree +-- resolve-from@2.0.0
42 silly idealTree +-- response-time@2.3.2
42 silly idealTree +-- rimraf@2.6.1
42 silly idealTree | +-- glob@7.1.1
42 silly idealTree | `-- minimatch@3.0.3
42 silly idealTree +-- rndm@1.2.0
42 silly idealTree +-- semver@5.3.0
42 silly idealTree +-- send@0.15.1
42 silly idealTree +-- serve-favicon@2.3.2
42 silly idealTree | +-- etag@1.7.0
42 silly idealTree | `-- fresh@0.3.0
42 silly idealTree +-- serve-index@1.7.3
42 silly idealTree | +-- accepts@1.2.13
42 silly idealTree | +-- debug@2.2.0
42 silly idealTree | +-- http-errors@1.3.1
42 silly idealTree | +-- ms@0.7.1
42 silly idealTree | `-- negotiator@0.5.3
42 silly idealTree +-- serve-static@1.12.1
42 silly idealTree +-- set-immediate-shim@1.0.1
42 silly idealTree +-- setprototypeof@1.0.3
42 silly idealTree +-- socket.io-client@0.9.16
42 silly idealTree +-- socket.io@0.9.16
42 silly idealTree +-- source-map@0.4.4
42 silly idealTree +-- statuses@1.3.1
42 silly idealTree +-- stream-counter@0.2.0
42 silly idealTree | +-- isarray@0.0.1
42 silly idealTree | +-- readable-stream@1.1.14
42 silly idealTree | `-- string_decoder@0.10.31
42 silly idealTree +-- string_decoder@1.0.0
42 silly idealTree +-- thunky@0.1.0
42 silly idealTree +-- tinycolor@0.0.1
42 silly idealTree +-- tmp@0.0.31
42 silly idealTree +-- to-mongodb-core@2.0.0
42 silly idealTree +-- tsscmp@1.0.5
42 silly idealTree +-- type-is@1.6.15
42 silly idealTree +-- uglify-js@1.2.5
42 silly idealTree +-- uid-safe@2.1.4
42 silly idealTree +-- unpipe@1.0.0
42 silly idealTree +-- useragent@2.1.13
42 silly idealTree +-- util-deprecate@1.0.2
42 silly idealTree +-- utile@0.2.1
42 silly idealTree +-- utils-merge@1.0.0
42 silly idealTree +-- vary@1.1.1
42 silly idealTree +-- vhost@3.0.2
42 silly idealTree +-- which@1.2.14
42 silly idealTree +-- wordwrap@0.0.3
42 silly idealTree +-- wrappy@1.0.2
42 silly idealTree +-- ws@0.4.32
42 silly idealTree +-- xmlhttprequest@1.4.2
42 silly idealTree +-- xtend@4.0.1
42 silly idealTree `-- zeparser@0.0.5
43 silly generateActionsToTake Starting
44 silly install generateActionsToTake
45 silly generateActionsToTake Finishing
46 silly diffTrees action count 0
47 silly decomposeActions action count 0
48 silly runTopLevelLifecycles Starting
49 silly install runPreinstallTopLevelLifecycles
50 silly preinstall address-app@1.0.0
51 info lifecycle address-app@1.0.0~preinstall: address-app@1.0.0
52 silly lifecycle address-app@1.0.0~preinstall: no script for preinstall, continuing
53 silly executeActions Starting
54 silly install executeActions
55 silly doSerial global-install 0
56 silly doParallel fetch 0
57 verbose correctMkdir /home/bitnami/.npm/_locks correctMkdir not in flight; initializing
58 verbose lock using /home/bitnami/.npm/_locks/staging-aa809eccab16fd39.lock for /projects/address-app/node_modules/.staging
59 silly doParallel extract 0
60 silly doParallel preinstall 0
61 silly doReverseSerial remove 0
62 silly doSerial move 0
63 silly doSerial finalize 0
64 silly doSerial build 0
65 silly doSerial global-link 0
66 silly doParallel update-linked 0
67 silly doSerial install 0
68 silly doSerial postinstall 0
69 verbose unlock done using /home/bitnami/.npm/_locks/staging-aa809eccab16fd39.lock for /projects/address-app/node_modules/.staging
70 silly executeActions Finishing
71 silly rollbackFailedOptional Starting
72 silly rollbackFailedOptional Finishing
73 silly install runPostinstallTopLevelLifecycles
74 silly build address-app@1.0.0
75 info linkStuff address-app@1.0.0
76 silly linkStuff address-app@1.0.0 has /projects as its parent node_modules
77 verbose linkBins address-app@1.0.0
78 verbose linkMans address-app@1.0.0
79 silly install address-app@1.0.0
80 info lifecycle address-app@1.0.0~install: address-app@1.0.0
81 silly lifecycle address-app@1.0.0~install: no script for install, continuing
82 silly postinstall address-app@1.0.0
83 info lifecycle address-app@1.0.0~postinstall: address-app@1.0.0
84 verbose lifecycle address-app@1.0.0~postinstall: unsafe-perm in lifecycle true
85 verbose lifecycle address-app@1.0.0~postinstall: PATH: /opt/bitnami/node/lib/node_modules/npm/bin/node-gyp-bin:/projects/address-app/node_modules/.bin:/opt/bitnami/mongodb/sbin:/opt/bitnami/mongodb/bin:/opt/bitnami/node/bin:/opt/bitnami/python/bin:/opt/bitnami/nami/bin:/usr/local/sbin:/usr/local/bin:/usr/sbin:/usr/bin:/sbin:/bin
86 verbose lifecycle address-app@1.0.0~postinstall: CWD: /projects/address-app
87 silly lifecycle address-app@1.0.0~postinstall: Args: [ '-c', 'ng build' ]
88 info lifecycle address-app@1.0.0~postinstall: Failed to exec postinstall script
89 warn optional SKIPPING OPTIONAL DEPENDENCY: fsevents@^1.0.0 (node_modules/chokidar/node_modules/fsevents):
90 warn notsup SKIPPING OPTIONAL DEPENDENCY: Unsupported platform for fsevents@1.1.1: wanted {"os":"darwin","arch":"any"} (current: {"os":"linux","arch":"x64"})
91 verbose notsup SKIPPING OPTIONAL DEPENDENCY: Valid OS:    darwin
91 verbose notsup SKIPPING OPTIONAL DEPENDENCY: Valid Arch:  any
91 verbose notsup SKIPPING OPTIONAL DEPENDENCY: Actual OS:   linux
91 verbose notsup SKIPPING OPTIONAL DEPENDENCY: Actual Arch: x64
92 warn address-app@1.0.0 No repository field.
93 verbose If you need help, you may report this error at:
93 verbose     <https://github.com/npm/npm/issues>
94 warn address-app@1.0.0 No license field.
95 verbose If you need help, you may report this error at:
95 verbose     <https://github.com/npm/npm/issues>
96 verbose stack Error: address-app@1.0.0 postinstall: `ng build`
96 verbose stack spawn ENOENT
96 verbose stack     at ChildProcess.<anonymous> (/opt/bitnami/node/lib/node_modules/npm/lib/utils/spawn.js:33:16)
96 verbose stack     at emitTwo (events.js:106:13)
96 verbose stack     at ChildProcess.emit (events.js:191:7)
96 verbose stack     at maybeClose (internal/child_process.js:885:16)
96 verbose stack     at Process.ChildProcess._handle.onexit (internal/child_process.js:226:5)
97 verbose pkgid address-app@1.0.0
98 verbose cwd /projects/address-app
99 error Linux 3.10.0-514.10.2.el7.x86_64
100 error argv "/opt/bitnami/node/bin/node" "/opt/bitnami/node/bin/npm" "install"
101 error node v7.2.0
102 error npm  v4.0.5
103 error file sh
104 error code ELIFECYCLE
105 error errno ENOENT
106 error syscall spawn
107 error address-app@1.0.0 postinstall: `ng build`
107 error spawn ENOENT
108 error Failed at the address-app@1.0.0 postinstall script 'ng build'.
108 error Make sure you have the latest version of node.js and npm installed.
108 error If you do, this is most likely a problem with the address-app package,
108 error not with npm itself.
108 error Tell the author that this fails on your system:
108 error     ng build
108 error You can get information on how to open an issue for this project with:
108 error     npm bugs address-app
108 error Or if that isn't available, you can get their info via:
108 error     npm owner ls address-app
108 error There is likely additional logging output above.
109 verbose exit [ 1, true ]
